<?xml version="1.0" encoding="UTF-8"?>
  <testsuites tests="42" disabled="37" errors="1" failures="0" time="52.202794416">
      <testsuite name="Client Suite" package="/home/cloud-user/multicluster-global-hub/test/pkg/e2e" tests="42" disabled="0" skipped="37" errors="1" failures="0" time="52.202794416" timestamp="2023-06-03T03:15:58">
          <properties>
              <property name="SuiteSucceeded" value="false"></property>
              <property name="SuiteHasProgrammaticFocus" value="false"></property>
              <property name="SpecialSuiteFailureReason" value="Interrupted by User"></property>
              <property name="SuiteLabels" value="[]"></property>
              <property name="RandomSeed" value="1685776555"></property>
              <property name="RandomizeAllSpecs" value="false"></property>
              <property name="LabelFilter" value="e2e-tests-label"></property>
              <property name="FocusStrings" value=""></property>
              <property name="SkipStrings" value=""></property>
              <property name="FocusFiles" value=""></property>
              <property name="SkipFiles" value=""></property>
              <property name="FailOnPending" value="false"></property>
              <property name="FailFast" value="false"></property>
              <property name="FlakeAttempts" value="0"></property>
              <property name="DryRun" value="false"></property>
              <property name="ParallelTotal" value="1"></property>
              <property name="OutputInterceptorMode" value=""></property>
          </properties>
          <testcase name="[BeforeSuite]" classname="Client Suite" status="passed" time="46.025402213">
              <system-err>&gt; Enter [BeforeSuite] TOP-LEVEL - /home/cloud-user/multicluster-global-hub/test/pkg/e2e/hoh-e2e-test_suite_test.go:48 @ 06/03/23 03:15:58.865&#xA;STEP: deploy globalbub for e2e ENV - /home/cloud-user/multicluster-global-hub/test/pkg/e2e/hoh-deploy_test.go:45 @ 06/03/23 03:15:58.87&#xA;STEP: checking postgresql is ready - /home/cloud-user/multicluster-global-hub/test/pkg/e2e/hoh-deploy_test.go:60 @ 06/03/23 03:15:59.549&#xA;STEP: checking kafka is ready - /home/cloud-user/multicluster-global-hub/test/pkg/e2e/hoh-deploy_test.go:132 @ 06/03/23 03:16:36.552&#xA;STEP: deploying operator - /home/cloud-user/multicluster-global-hub/test/pkg/e2e/hoh-deploy_test.go:177 @ 06/03/23 03:16:36.631&#xA;STEP: deploying CR - /home/cloud-user/multicluster-global-hub/test/pkg/e2e/hoh-deploy_test.go:228 @ 06/03/23 03:16:39.021&#xA;STEP: deploy globalbub for e2e ENV - /home/cloud-user/multicluster-global-hub/test/pkg/e2e/hoh-deploy_test.go:293 @ 06/03/23 03:16:39.035&#xA;STEP: updating deployment &amp;&amp; cluster-manager - /home/cloud-user/multicluster-global-hub/test/pkg/e2e/hoh-deploy_test.go:296 @ 06/03/23 03:16:39.035&#xA;STEP: waiting for core components to be ready - /home/cloud-user/multicluster-global-hub/test/pkg/e2e/hoh-deploy_test.go:319 @ 06/03/23 03:16:39.618&#xA;STEP: Init the kubernetes client - /home/cloud-user/multicluster-global-hub/test/pkg/e2e/hoh-e2e-test_suite_test.go:52 @ 06/03/23 03:16:39.854&#xA;STEP: Init the bearer token - /home/cloud-user/multicluster-global-hub/test/pkg/e2e/hoh-e2e-test_suite_test.go:57 @ 06/03/23 03:16:39.869&#xA;STEP: Init the http client - /home/cloud-user/multicluster-global-hub/test/pkg/e2e/hoh-e2e-test_suite_test.go:72 @ 06/03/23 03:16:44.891&#xA;&lt; Exit [BeforeSuite] TOP-LEVEL - /home/cloud-user/multicluster-global-hub/test/pkg/e2e/hoh-e2e-test_suite_test.go:48 @ 06/03/23 03:16:44.891 (46.025s)&#xA;</system-err>
          </testcase>
          <testcase name="[It] Apply policy to the managed clusters add the label to a managedcluster1 for the policy [e2e-tests-policy]" classname="Client Suite" status="skipped" time="0">
              <skipped message="skipped"></skipped>
          </testcase>
          <testcase name="[It] Apply policy to the managed clusters create a inform policy for the labeled cluster [e2e-tests-policy]" classname="Client Suite" status="skipped" time="0">
              <skipped message="skipped"></skipped>
          </testcase>
          <testcase name="[It] Apply policy to the managed clusters enforce the inform policy [e2e-tests-policy]" classname="Client Suite" status="skipped" time="0">
              <skipped message="skipped"></skipped>
          </testcase>
          <testcase name="[It] Apply policy to the managed clusters add the label to a managedcluster for the policy [e2e-tests-policy]" classname="Client Suite" status="skipped" time="0">
              <skipped message="skipped"></skipped>
          </testcase>
          <testcase name="[It] Apply policy to the managed clusters remove managedcluster1 policy by deleting label [e2e-tests-policy]" classname="Client Suite" status="skipped" time="0">
              <skipped message="skipped"></skipped>
          </testcase>
          <testcase name="[It] Apply policy to the managed clusters verify the policy resource has been added the global cleanup finalizer [e2e-tests-policy]" classname="Client Suite" status="skipped" time="0">
              <skipped message="skipped"></skipped>
          </testcase>
          <testcase name="[It] Updating cluster label from HoH manager add the label to the managed cluster [e2e-tests-label]" classname="Client Suite" status="passed" time="0.051410328">
              <system-err>&gt; Enter [BeforeAll] Updating cluster label from HoH manager - /home/cloud-user/multicluster-global-hub/test/pkg/e2e/hoh-label_test.go:27 @ 06/03/23 03:16:44.891&#xA;STEP: Config request of the api - /home/cloud-user/multicluster-global-hub/test/pkg/e2e/hoh-label_test.go:29 @ 06/03/23 03:16:44.891&#xA;&lt; Exit [BeforeAll] Updating cluster label from HoH manager - /home/cloud-user/multicluster-global-hub/test/pkg/e2e/hoh-label_test.go:27 @ 06/03/23 03:16:44.917 (26ms)&#xA;&gt; Enter [It] add the label to the managed cluster - /home/cloud-user/multicluster-global-hub/test/pkg/e2e/hoh-label_test.go:46 @ 06/03/23 03:16:44.917&#xA;STEP: Check the label is added - /home/cloud-user/multicluster-global-hub/test/pkg/e2e/hoh-label_test.go:55 @ 06/03/23 03:16:44.917&#xA;&lt; Exit [It] add the label to the managed cluster - /home/cloud-user/multicluster-global-hub/test/pkg/e2e/hoh-label_test.go:46 @ 06/03/23 03:16:44.942 (26ms)&#xA;</system-err>
          </testcase>
          <testcase name="[It] Updating cluster label from HoH manager add the label to the managed cluster [e2e-tests-label]" classname="Client Suite" status="passed" time="5.041959812">
              <system-err>&gt; Enter [It] add the label to the managed cluster - /home/cloud-user/multicluster-global-hub/test/pkg/e2e/hoh-label_test.go:74 @ 06/03/23 03:16:44.943&#xA;STEP: Check the label is added - /home/cloud-user/multicluster-global-hub/test/pkg/e2e/hoh-label_test.go:84 @ 06/03/23 03:16:44.943&#xA;&lt; Exit [It] add the label to the managed cluster - /home/cloud-user/multicluster-global-hub/test/pkg/e2e/hoh-label_test.go:74 @ 06/03/23 03:16:49.984 (5.042s)&#xA;</system-err>
          </testcase>
          <testcase name="[It] Updating cluster label from HoH manager remove the label from the managed cluster [e2e-tests-label]" classname="Client Suite" status="interrupted" time="1.0721803460000001">
              <error message="Interrupted by User" type="interrupted">[INTERRUPTED] Interrupted by User&#xA;In [It] at: /home/cloud-user/multicluster-global-hub/test/pkg/e2e/hoh-label_test.go:104 @ 06/03/23 03:16:51.056&#xA;&#xA;This is the Progress Report generated when the interrupt was received:&#xA;  Updating cluster label from HoH manager remove the label from the managed cluster (Spec Runtime: 1.071s)&#xA;    /home/cloud-user/multicluster-global-hub/test/pkg/e2e/hoh-label_test.go:104&#xA;    In [It] (Node Runtime: 1.071s)&#xA;      /home/cloud-user/multicluster-global-hub/test/pkg/e2e/hoh-label_test.go:104&#xA;      At [By Step] Check the label is deleted (Step Runtime: 1.071s)&#xA;        /home/cloud-user/multicluster-global-hub/test/pkg/e2e/hoh-label_test.go:114&#xA;&#xA;      Spec Goroutine&#xA;      goroutine 63 [select]&#xA;        github.com/onsi/gomega/internal.(*AsyncAssertion).match(0xc000625260, {0x1bd98d0?, 0x28a87d0}, 0x0, {0x0, 0x0, 0x0})&#xA;          /home/cloud-user/multicluster-global-hub/vendor/github.com/onsi/gomega/internal/async_assertion.go:426&#xA;        github.com/onsi/gomega/internal.(*AsyncAssertion).ShouldNot(0xc000625260, {0x1bd98d0, 0x28a87d0}, {0x0, 0x0, 0x0})&#xA;          /home/cloud-user/multicluster-global-hub/vendor/github.com/onsi/gomega/internal/async_assertion.go:116&#xA;      &gt; github.com/stolostron/multicluster-global-hub/test/pkg/e2e.glob..func4.4()&#xA;          /home/cloud-user/multicluster-global-hub/test/pkg/e2e/hoh-label_test.go:131&#xA;            | &#x9;&#x9;&#x9;}&#xA;            | &#x9;&#x9;&#x9;return nil&#xA;            &gt; &#x9;&#x9;}, 3*time.Minute, 5*time.Second).ShouldNot(HaveOccurred())&#xA;            | &#x9;}&#xA;            | })&#xA;        github.com/onsi/ginkgo/v2/internal.extractBodyFunction.func3({0x0, 0xc0007c8600})&#xA;          /home/cloud-user/multicluster-global-hub/vendor/github.com/onsi/ginkgo/v2/internal/node.go:445&#xA;        github.com/onsi/ginkgo/v2/internal.(*Suite).runNode.func3()&#xA;          /home/cloud-user/multicluster-global-hub/vendor/github.com/onsi/ginkgo/v2/internal/suite.go:820&#xA;        github.com/onsi/ginkgo/v2/internal.(*Suite).runNode&#xA;          /home/cloud-user/multicluster-global-hub/vendor/github.com/onsi/ginkgo/v2/internal/suite.go:807&#xA;&#xA;      Other Goroutines&#xA;      goroutine 8 [running]&#xA;        github.com/onsi/ginkgo/v2/internal.extractRunningGoroutines()&#xA;          /home/cloud-user/multicluster-global-hub/vendor/github.com/onsi/ginkgo/v2/internal/progress_report.go:181&#xA;        github.com/onsi/ginkgo/v2/internal.NewProgressReport(_, {{0xc000579190, 0x1, 0x1}, {0xc00062c9c0, 0x1, 0x1}, {0xc000a0aeb8, 0x1, 0x1}, ...}, ...)&#xA;          /home/cloud-user/multicluster-global-hub/vendor/github.com/onsi/ginkgo/v2/internal/progress_report.go:75&#xA;        github.com/onsi/ginkgo/v2/internal.(*Suite).generateProgressReport(_, _)&#xA;          /home/cloud-user/multicluster-global-hub/vendor/github.com/onsi/ginkgo/v2/internal/suite.go:339&#xA;        github.com/onsi/ginkgo/v2/internal.(*Suite).runNode(_, {0x14, 0x4, {0x19a5412, 0x29}, 0xc00044adb0, {{0x1f85dc9, 0x47}, 0x68, {0x0, ...}, ...}, ...}, ...)&#xA;          /home/cloud-user/multicluster-global-hub/vendor/github.com/onsi/ginkgo/v2/internal/suite.go:900&#xA;        github.com/onsi/ginkgo/v2/internal.(*group).attemptSpec(0xc0006e1090, 0x1, {{0xc00043f500?, 0xc00062c9c0?, 0x1?}, 0x0?})&#xA;          /home/cloud-user/multicluster-global-hub/vendor/github.com/onsi/ginkgo/v2/internal/group.go:190&#xA;        github.com/onsi/ginkgo/v2/internal.(*group).run(0xc0006e1090, {0xc000780240?, 0x3?, 0x0?})&#xA;          /home/cloud-user/multicluster-global-hub/vendor/github.com/onsi/ginkgo/v2/internal/group.go:330&#xA;        github.com/onsi/ginkgo/v2/internal.(*Suite).runSpecs(0xc00021c000, {0x1979bf6, 0xc}, {0x28a87d0, 0x0, 0x0}, {0xc00004d3c0, 0x35}, 0x0, {0xc0001bb000, ...})&#xA;          /home/cloud-user/multicluster-global-hub/vendor/github.com/onsi/ginkgo/v2/internal/suite.go:441&#xA;        github.com/onsi/ginkgo/v2/internal.(*Suite).Run(_, {_, _}, {_, _, _}, {_, _}, _, {0x1be8288, ...}, ...)&#xA;          /home/cloud-user/multicluster-global-hub/vendor/github.com/onsi/ginkgo/v2/internal/suite.go:110&#xA;        github.com/onsi/ginkgo/v2.RunSpecs({0x1bd0be0, 0xc000103040}, {0x1979bf6, 0xc}, {0x0?, 0x0, 0x0?})&#xA;          /home/cloud-user/multicluster-global-hub/vendor/github.com/onsi/ginkgo/v2/core_dsl.go:296&#xA;        github.com/stolostron/multicluster-global-hub/test/pkg/e2e.TestClient(0x0?)&#xA;          /home/cloud-user/multicluster-global-hub/test/pkg/e2e/hoh-e2e-test_suite_test.go:39&#xA;        testing.tRunner(0xc000103040, 0x1a5c5c0)&#xA;          /usr/local/go/src/testing/testing.go:1439&#xA;        testing.(*T).Run&#xA;          /usr/local/go/src/testing/testing.go:1486&#xA;&#xA;      goroutine 1 [chan receive]&#xA;        testing.(*T).Run(0xc000289d40, {0x19775f3?, 0x516be5?}, 0x1a5c5c0)&#xA;          /usr/local/go/src/testing/testing.go:1487&#xA;        testing.runTests.func1(0xc000289d40?)&#xA;          /usr/local/go/src/testing/testing.go:1839&#xA;        testing.tRunner(0xc000289d40, 0xc0000ffcd8)&#xA;          /usr/local/go/src/testing/testing.go:1439&#xA;        testing.runTests(0xc0004a7d60?, {0x283c770, 0x1, 0x1}, {0x7f4246459108?, 0x40?, 0x0?})&#xA;          /usr/local/go/src/testing/testing.go:1837&#xA;        testing.(*M).Run(0xc0004a7d60)&#xA;          /usr/local/go/src/testing/testing.go:1719&#xA;        main.main()&#xA;          _testmain.go:47&#xA;&#xA;      goroutine 18 [chan receive]&#xA;        k8s.io/klog.(*loggingT).flushDaemon(0xc0001b2240?)&#xA;          /home/cloud-user/multicluster-global-hub/vendor/k8s.io/klog/klog.go:1010&#xA;        k8s.io/klog.init.0&#xA;          /home/cloud-user/multicluster-global-hub/vendor/k8s.io/klog/klog.go:411&#xA;&#xA;      goroutine 116 [IO wait]&#xA;        internal/poll.runtime_pollWait(0x7f421cf819c8, 0x72)&#xA;          /usr/local/go/src/runtime/netpoll.go:302&#xA;        internal/poll.(*pollDesc).wait(0xc00012cd00?, 0xc000315600?, 0x0)&#xA;          /usr/local/go/src/internal/poll/fd_poll_runtime.go:83&#xA;        internal/poll.(*pollDesc).waitRead(...)&#xA;          /usr/local/go/src/internal/poll/fd_poll_runtime.go:88&#xA;        internal/poll.(*FD).Read(0xc00012cd00, {0xc000315600, 0xd6b, 0xd6b})&#xA;          /usr/local/go/src/internal/poll/fd_unix.go:167&#xA;        net.(*netFD).Read(0xc00012cd00, {0xc000315600?, 0xc0004ec840?, 0xc000315605?})&#xA;          /usr/local/go/src/net/fd_posix.go:55&#xA;        net.(*conn).Read(0xc000011870, {0xc000315600?, 0xc0009be200?, 0x6c68c0?})&#xA;          /usr/local/go/src/net/net.go:183&#xA;        crypto/tls.(*atLeastReader).Read(0xc000117848, {0xc000315600?, 0x0?, 0x18a7ec0?})&#xA;          /usr/local/go/src/crypto/tls/conn.go:785&#xA;        bytes.(*Buffer).ReadFrom(0xc0001b5e78, {0x1bcd3a0, 0xc000117848})&#xA;          /usr/local/go/src/bytes/buffer.go:204&#xA;        crypto/tls.(*Conn).readFromUntil(0xc0001b5c00, {0x1bd05c0?, 0xc000011870}, 0x2?)&#xA;          /usr/local/go/src/crypto/tls/conn.go:807&#xA;        crypto/tls.(*Conn).readRecordOrCCS(0xc0001b5c00, 0x0)&#xA;          /usr/local/go/src/crypto/tls/conn.go:614&#xA;        crypto/tls.(*Conn).readRecord(...)&#xA;          /usr/local/go/src/crypto/tls/conn.go:582&#xA;        crypto/tls.(*Conn).Read(0xc0001b5c00, {0xc0009d3000, 0x1000, 0x1?})&#xA;          /usr/local/go/src/crypto/tls/conn.go:1285&#xA;        net/http.(*persistConn).Read(0xc0000d6900, {0xc0009d3000?, 0xc0007c92c0?, 0xc0009d0d30?})&#xA;          /usr/local/go/src/net/http/transport.go:1929&#xA;        bufio.(*Reader).fill(0xc000206840)&#xA;          /usr/local/go/src/bufio/bufio.go:106&#xA;        bufio.(*Reader).Peek(0xc000206840, 0x1)&#xA;          /usr/local/go/src/bufio/bufio.go:144&#xA;        net/http.(*persistConn).readLoop(0xc0000d6900)&#xA;          /usr/local/go/src/net/http/transport.go:2093&#xA;        net/http.(*Transport).dialConn&#xA;          /usr/local/go/src/net/http/transport.go:1750&#xA;&#xA;      goroutine 40 [syscall]&#xA;        os/signal.signal_recv()&#xA;          /usr/local/go/src/runtime/sigqueue.go:151&#xA;        os/signal.loop()&#xA;          /usr/local/go/src/os/signal/signal_unix.go:23&#xA;        os/signal.Notify.func1.1&#xA;          /usr/local/go/src/os/signal/signal.go:151&#xA;&#xA;      goroutine 10 [select]&#xA;        github.com/onsi/ginkgo/v2/internal/interrupt_handler.(*InterruptHandler).registerForInterrupts.func2(0x0?)&#xA;          /home/cloud-user/multicluster-global-hub/vendor/github.com/onsi/ginkgo/v2/internal/interrupt_handler/interrupt_handler.go:123&#xA;        github.com/onsi/ginkgo/v2/internal/interrupt_handler.(*InterruptHandler).registerForInterrupts&#xA;          /home/cloud-user/multicluster-global-hub/vendor/github.com/onsi/ginkgo/v2/internal/interrupt_handler/interrupt_handler.go:120&#xA;&#xA;      goroutine 25 [select]&#xA;        github.com/onsi/ginkgo/v2/internal.RegisterForProgressSignal.func1()&#xA;          /home/cloud-user/multicluster-global-hub/vendor/github.com/onsi/ginkgo/v2/internal/progress_report.go:32&#xA;        github.com/onsi/ginkgo/v2/internal.RegisterForProgressSignal&#xA;          /home/cloud-user/multicluster-global-hub/vendor/github.com/onsi/ginkgo/v2/internal/progress_report.go:30&#xA;&#xA;      goroutine 67 [IO wait]&#xA;        internal/poll.runtime_pollWait(0x7f421cf81c98, 0x72)&#xA;          /usr/local/go/src/runtime/netpoll.go:302&#xA;        internal/poll.(*pollDesc).wait(0xc00012de00?, 0xc000142000?, 0x0)&#xA;          /usr/local/go/src/internal/poll/fd_poll_runtime.go:83&#xA;        internal/poll.(*pollDesc).waitRead(...)&#xA;          /usr/local/go/src/internal/poll/fd_poll_runtime.go:88&#xA;        internal/poll.(*FD).Read(0xc00012de00, {0xc000142000, 0xa510, 0xa510})&#xA;          /usr/local/go/src/internal/poll/fd_unix.go:167&#xA;        net.(*netFD).Read(0xc00012de00, {0xc000142000?, 0xc0005c01a0?, 0xc000142005?})&#xA;          /usr/local/go/src/net/fd_posix.go:55&#xA;        net.(*conn).Read(0xc0005bc530, {0xc000142000?, 0x64fa?, 0xc0005c01a0?})&#xA;          /usr/local/go/src/net/net.go:183&#xA;        crypto/tls.(*atLeastReader).Read(0xc0006a05a0, {0xc000142000?, 0x0?, 0x0?})&#xA;          /usr/local/go/src/crypto/tls/conn.go:785&#xA;        bytes.(*Buffer).ReadFrom(0xc0001b4978, {0x1bcd3a0, 0xc0006a05a0})&#xA;          /usr/local/go/src/bytes/buffer.go:204&#xA;        crypto/tls.(*Conn).readFromUntil(0xc0001b4700, {0x1bd05c0?, 0xc0005bc530}, 0xa510?)&#xA;          /usr/local/go/src/crypto/tls/conn.go:807&#xA;        crypto/tls.(*Conn).readRecordOrCCS(0xc0001b4700, 0x0)&#xA;          /usr/local/go/src/crypto/tls/conn.go:614&#xA;        crypto/tls.(*Conn).readRecord(...)&#xA;          /usr/local/go/src/crypto/tls/conn.go:582&#xA;        crypto/tls.(*Conn).Read(0xc0001b4700, {0xc000357000, 0x1000, 0x0?})&#xA;          /usr/local/go/src/crypto/tls/conn.go:1285&#xA;        bufio.(*Reader).Read(0xc0007819e0, {0xc000354740, 0x9, 0xc0004f2508?})&#xA;          /usr/local/go/src/bufio/bufio.go:236&#xA;        io.ReadAtLeast({0x1bcd220, 0xc0007819e0}, {0xc000354740, 0x9, 0x9}, 0x9)&#xA;          /usr/local/go/src/io/io.go:331&#xA;        io.ReadFull(...)&#xA;          /usr/local/go/src/io/io.go:350&#xA;        golang.org/x/net/http2.readFrameHeader({0xc000354740?, 0x9?, 0xc001283da0?}, {0x1bcd220?, 0xc0007819e0?})&#xA;          /home/cloud-user/multicluster-global-hub/vendor/golang.org/x/net/http2/frame.go:237&#xA;        golang.org/x/net/http2.(*Framer).ReadFrame(0xc000354700)&#xA;          /home/cloud-user/multicluster-global-hub/vendor/golang.org/x/net/http2/frame.go:498&#xA;        golang.org/x/net/http2.(*clientConnReadLoop).run(0xc0005e3f98)&#xA;          /home/cloud-user/multicluster-global-hub/vendor/golang.org/x/net/http2/transport.go:2224&#xA;        golang.org/x/net/http2.(*ClientConn).readLoop(0xc000368f00)&#xA;          /home/cloud-user/multicluster-global-hub/vendor/golang.org/x/net/http2/transport.go:2119&#xA;        golang.org/x/net/http2.(*Transport).newClientConn&#xA;          /home/cloud-user/multicluster-global-hub/vendor/golang.org/x/net/http2/transport.go:817&#xA;&#xA;      goroutine 117 [select]&#xA;        net/http.(*persistConn).writeLoop(0xc0000d6900)&#xA;          /usr/local/go/src/net/http/transport.go:2392&#xA;        net/http.(*Transport).dialConn&#xA;          /usr/local/go/src/net/http/transport.go:1751&#xA;</error>
              <system-err>&gt; Enter [It] remove the label from the managed cluster - /home/cloud-user/multicluster-global-hub/test/pkg/e2e/hoh-label_test.go:104 @ 06/03/23 03:16:49.985&#xA;STEP: Check the label is deleted - /home/cloud-user/multicluster-global-hub/test/pkg/e2e/hoh-label_test.go:114 @ 06/03/23 03:16:49.985&#xA;[INTERRUPTED] Interrupted by User&#xA;In [It] at: /home/cloud-user/multicluster-global-hub/test/pkg/e2e/hoh-label_test.go:104 @ 06/03/23 03:16:51.056&#xA;&#xA;This is the Progress Report generated when the interrupt was received:&#xA;  Updating cluster label from HoH manager remove the label from the managed cluster (Spec Runtime: 1.071s)&#xA;    /home/cloud-user/multicluster-global-hub/test/pkg/e2e/hoh-label_test.go:104&#xA;    In [It] (Node Runtime: 1.071s)&#xA;      /home/cloud-user/multicluster-global-hub/test/pkg/e2e/hoh-label_test.go:104&#xA;      At [By Step] Check the label is deleted (Step Runtime: 1.071s)&#xA;        /home/cloud-user/multicluster-global-hub/test/pkg/e2e/hoh-label_test.go:114&#xA;&#xA;      Spec Goroutine&#xA;      goroutine 63 [select]&#xA;        github.com/onsi/gomega/internal.(*AsyncAssertion).match(0xc000625260, {0x1bd98d0?, 0x28a87d0}, 0x0, {0x0, 0x0, 0x0})&#xA;          /home/cloud-user/multicluster-global-hub/vendor/github.com/onsi/gomega/internal/async_assertion.go:426&#xA;        github.com/onsi/gomega/internal.(*AsyncAssertion).ShouldNot(0xc000625260, {0x1bd98d0, 0x28a87d0}, {0x0, 0x0, 0x0})&#xA;          /home/cloud-user/multicluster-global-hub/vendor/github.com/onsi/gomega/internal/async_assertion.go:116&#xA;      &gt; github.com/stolostron/multicluster-global-hub/test/pkg/e2e.glob..func4.4()&#xA;          /home/cloud-user/multicluster-global-hub/test/pkg/e2e/hoh-label_test.go:131&#xA;            | &#x9;&#x9;&#x9;}&#xA;            | &#x9;&#x9;&#x9;return nil&#xA;            &gt; &#x9;&#x9;}, 3*time.Minute, 5*time.Second).ShouldNot(HaveOccurred())&#xA;            | &#x9;}&#xA;            | })&#xA;        github.com/onsi/ginkgo/v2/internal.extractBodyFunction.func3({0x0, 0xc0007c8600})&#xA;          /home/cloud-user/multicluster-global-hub/vendor/github.com/onsi/ginkgo/v2/internal/node.go:445&#xA;        github.com/onsi/ginkgo/v2/internal.(*Suite).runNode.func3()&#xA;          /home/cloud-user/multicluster-global-hub/vendor/github.com/onsi/ginkgo/v2/internal/suite.go:820&#xA;        github.com/onsi/ginkgo/v2/internal.(*Suite).runNode&#xA;          /home/cloud-user/multicluster-global-hub/vendor/github.com/onsi/ginkgo/v2/internal/suite.go:807&#xA;&#xA;      Other Goroutines&#xA;      goroutine 8 [running]&#xA;        github.com/onsi/ginkgo/v2/internal.extractRunningGoroutines()&#xA;          /home/cloud-user/multicluster-global-hub/vendor/github.com/onsi/ginkgo/v2/internal/progress_report.go:181&#xA;        github.com/onsi/ginkgo/v2/internal.NewProgressReport(_, {{0xc000579190, 0x1, 0x1}, {0xc00062c9c0, 0x1, 0x1}, {0xc000a0aeb8, 0x1, 0x1}, ...}, ...)&#xA;          /home/cloud-user/multicluster-global-hub/vendor/github.com/onsi/ginkgo/v2/internal/progress_report.go:75&#xA;        github.com/onsi/ginkgo/v2/internal.(*Suite).generateProgressReport(_, _)&#xA;          /home/cloud-user/multicluster-global-hub/vendor/github.com/onsi/ginkgo/v2/internal/suite.go:339&#xA;        github.com/onsi/ginkgo/v2/internal.(*Suite).runNode(_, {0x14, 0x4, {0x19a5412, 0x29}, 0xc00044adb0, {{0x1f85dc9, 0x47}, 0x68, {0x0, ...}, ...}, ...}, ...)&#xA;          /home/cloud-user/multicluster-global-hub/vendor/github.com/onsi/ginkgo/v2/internal/suite.go:900&#xA;        github.com/onsi/ginkgo/v2/internal.(*group).attemptSpec(0xc0006e1090, 0x1, {{0xc00043f500?, 0xc00062c9c0?, 0x1?}, 0x0?})&#xA;          /home/cloud-user/multicluster-global-hub/vendor/github.com/onsi/ginkgo/v2/internal/group.go:190&#xA;        github.com/onsi/ginkgo/v2/internal.(*group).run(0xc0006e1090, {0xc000780240?, 0x3?, 0x0?})&#xA;          /home/cloud-user/multicluster-global-hub/vendor/github.com/onsi/ginkgo/v2/internal/group.go:330&#xA;        github.com/onsi/ginkgo/v2/internal.(*Suite).runSpecs(0xc00021c000, {0x1979bf6, 0xc}, {0x28a87d0, 0x0, 0x0}, {0xc00004d3c0, 0x35}, 0x0, {0xc0001bb000, ...})&#xA;          /home/cloud-user/multicluster-global-hub/vendor/github.com/onsi/ginkgo/v2/internal/suite.go:441&#xA;        github.com/onsi/ginkgo/v2/internal.(*Suite).Run(_, {_, _}, {_, _, _}, {_, _}, _, {0x1be8288, ...}, ...)&#xA;          /home/cloud-user/multicluster-global-hub/vendor/github.com/onsi/ginkgo/v2/internal/suite.go:110&#xA;        github.com/onsi/ginkgo/v2.RunSpecs({0x1bd0be0, 0xc000103040}, {0x1979bf6, 0xc}, {0x0?, 0x0, 0x0?})&#xA;          /home/cloud-user/multicluster-global-hub/vendor/github.com/onsi/ginkgo/v2/core_dsl.go:296&#xA;        github.com/stolostron/multicluster-global-hub/test/pkg/e2e.TestClient(0x0?)&#xA;          /home/cloud-user/multicluster-global-hub/test/pkg/e2e/hoh-e2e-test_suite_test.go:39&#xA;        testing.tRunner(0xc000103040, 0x1a5c5c0)&#xA;          /usr/local/go/src/testing/testing.go:1439&#xA;        testing.(*T).Run&#xA;          /usr/local/go/src/testing/testing.go:1486&#xA;&#xA;      goroutine 1 [chan receive]&#xA;        testing.(*T).Run(0xc000289d40, {0x19775f3?, 0x516be5?}, 0x1a5c5c0)&#xA;          /usr/local/go/src/testing/testing.go:1487&#xA;        testing.runTests.func1(0xc000289d40?)&#xA;          /usr/local/go/src/testing/testing.go:1839&#xA;        testing.tRunner(0xc000289d40, 0xc0000ffcd8)&#xA;          /usr/local/go/src/testing/testing.go:1439&#xA;        testing.runTests(0xc0004a7d60?, {0x283c770, 0x1, 0x1}, {0x7f4246459108?, 0x40?, 0x0?})&#xA;          /usr/local/go/src/testing/testing.go:1837&#xA;        testing.(*M).Run(0xc0004a7d60)&#xA;          /usr/local/go/src/testing/testing.go:1719&#xA;        main.main()&#xA;          _testmain.go:47&#xA;&#xA;      goroutine 18 [chan receive]&#xA;        k8s.io/klog.(*loggingT).flushDaemon(0xc0001b2240?)&#xA;          /home/cloud-user/multicluster-global-hub/vendor/k8s.io/klog/klog.go:1010&#xA;        k8s.io/klog.init.0&#xA;          /home/cloud-user/multicluster-global-hub/vendor/k8s.io/klog/klog.go:411&#xA;&#xA;      goroutine 116 [IO wait]&#xA;        internal/poll.runtime_pollWait(0x7f421cf819c8, 0x72)&#xA;          /usr/local/go/src/runtime/netpoll.go:302&#xA;        internal/poll.(*pollDesc).wait(0xc00012cd00?, 0xc000315600?, 0x0)&#xA;          /usr/local/go/src/internal/poll/fd_poll_runtime.go:83&#xA;        internal/poll.(*pollDesc).waitRead(...)&#xA;          /usr/local/go/src/internal/poll/fd_poll_runtime.go:88&#xA;        internal/poll.(*FD).Read(0xc00012cd00, {0xc000315600, 0xd6b, 0xd6b})&#xA;          /usr/local/go/src/internal/poll/fd_unix.go:167&#xA;        net.(*netFD).Read(0xc00012cd00, {0xc000315600?, 0xc0004ec840?, 0xc000315605?})&#xA;          /usr/local/go/src/net/fd_posix.go:55&#xA;        net.(*conn).Read(0xc000011870, {0xc000315600?, 0xc0009be200?, 0x6c68c0?})&#xA;          /usr/local/go/src/net/net.go:183&#xA;        crypto/tls.(*atLeastReader).Read(0xc000117848, {0xc000315600?, 0x0?, 0x18a7ec0?})&#xA;          /usr/local/go/src/crypto/tls/conn.go:785&#xA;        bytes.(*Buffer).ReadFrom(0xc0001b5e78, {0x1bcd3a0, 0xc000117848})&#xA;          /usr/local/go/src/bytes/buffer.go:204&#xA;        crypto/tls.(*Conn).readFromUntil(0xc0001b5c00, {0x1bd05c0?, 0xc000011870}, 0x2?)&#xA;          /usr/local/go/src/crypto/tls/conn.go:807&#xA;        crypto/tls.(*Conn).readRecordOrCCS(0xc0001b5c00, 0x0)&#xA;          /usr/local/go/src/crypto/tls/conn.go:614&#xA;        crypto/tls.(*Conn).readRecord(...)&#xA;          /usr/local/go/src/crypto/tls/conn.go:582&#xA;        crypto/tls.(*Conn).Read(0xc0001b5c00, {0xc0009d3000, 0x1000, 0x1?})&#xA;          /usr/local/go/src/crypto/tls/conn.go:1285&#xA;        net/http.(*persistConn).Read(0xc0000d6900, {0xc0009d3000?, 0xc0007c92c0?, 0xc0009d0d30?})&#xA;          /usr/local/go/src/net/http/transport.go:1929&#xA;        bufio.(*Reader).fill(0xc000206840)&#xA;          /usr/local/go/src/bufio/bufio.go:106&#xA;        bufio.(*Reader).Peek(0xc000206840, 0x1)&#xA;          /usr/local/go/src/bufio/bufio.go:144&#xA;        net/http.(*persistConn).readLoop(0xc0000d6900)&#xA;          /usr/local/go/src/net/http/transport.go:2093&#xA;        net/http.(*Transport).dialConn&#xA;          /usr/local/go/src/net/http/transport.go:1750&#xA;&#xA;      goroutine 40 [syscall]&#xA;        os/signal.signal_recv()&#xA;          /usr/local/go/src/runtime/sigqueue.go:151&#xA;        os/signal.loop()&#xA;          /usr/local/go/src/os/signal/signal_unix.go:23&#xA;        os/signal.Notify.func1.1&#xA;          /usr/local/go/src/os/signal/signal.go:151&#xA;&#xA;      goroutine 10 [select]&#xA;        github.com/onsi/ginkgo/v2/internal/interrupt_handler.(*InterruptHandler).registerForInterrupts.func2(0x0?)&#xA;          /home/cloud-user/multicluster-global-hub/vendor/github.com/onsi/ginkgo/v2/internal/interrupt_handler/interrupt_handler.go:123&#xA;        github.com/onsi/ginkgo/v2/internal/interrupt_handler.(*InterruptHandler).registerForInterrupts&#xA;          /home/cloud-user/multicluster-global-hub/vendor/github.com/onsi/ginkgo/v2/internal/interrupt_handler/interrupt_handler.go:120&#xA;&#xA;      goroutine 25 [select]&#xA;        github.com/onsi/ginkgo/v2/internal.RegisterForProgressSignal.func1()&#xA;          /home/cloud-user/multicluster-global-hub/vendor/github.com/onsi/ginkgo/v2/internal/progress_report.go:32&#xA;        github.com/onsi/ginkgo/v2/internal.RegisterForProgressSignal&#xA;          /home/cloud-user/multicluster-global-hub/vendor/github.com/onsi/ginkgo/v2/internal/progress_report.go:30&#xA;&#xA;      goroutine 67 [IO wait]&#xA;        internal/poll.runtime_pollWait(0x7f421cf81c98, 0x72)&#xA;          /usr/local/go/src/runtime/netpoll.go:302&#xA;        internal/poll.(*pollDesc).wait(0xc00012de00?, 0xc000142000?, 0x0)&#xA;          /usr/local/go/src/internal/poll/fd_poll_runtime.go:83&#xA;        internal/poll.(*pollDesc).waitRead(...)&#xA;          /usr/local/go/src/internal/poll/fd_poll_runtime.go:88&#xA;        internal/poll.(*FD).Read(0xc00012de00, {0xc000142000, 0xa510, 0xa510})&#xA;          /usr/local/go/src/internal/poll/fd_unix.go:167&#xA;        net.(*netFD).Read(0xc00012de00, {0xc000142000?, 0xc0005c01a0?, 0xc000142005?})&#xA;          /usr/local/go/src/net/fd_posix.go:55&#xA;        net.(*conn).Read(0xc0005bc530, {0xc000142000?, 0x64fa?, 0xc0005c01a0?})&#xA;          /usr/local/go/src/net/net.go:183&#xA;        crypto/tls.(*atLeastReader).Read(0xc0006a05a0, {0xc000142000?, 0x0?, 0x0?})&#xA;          /usr/local/go/src/crypto/tls/conn.go:785&#xA;        bytes.(*Buffer).ReadFrom(0xc0001b4978, {0x1bcd3a0, 0xc0006a05a0})&#xA;          /usr/local/go/src/bytes/buffer.go:204&#xA;        crypto/tls.(*Conn).readFromUntil(0xc0001b4700, {0x1bd05c0?, 0xc0005bc530}, 0xa510?)&#xA;          /usr/local/go/src/crypto/tls/conn.go:807&#xA;        crypto/tls.(*Conn).readRecordOrCCS(0xc0001b4700, 0x0)&#xA;          /usr/local/go/src/crypto/tls/conn.go:614&#xA;        crypto/tls.(*Conn).readRecord(...)&#xA;          /usr/local/go/src/crypto/tls/conn.go:582&#xA;        crypto/tls.(*Conn).Read(0xc0001b4700, {0xc000357000, 0x1000, 0x0?})&#xA;          /usr/local/go/src/crypto/tls/conn.go:1285&#xA;        bufio.(*Reader).Read(0xc0007819e0, {0xc000354740, 0x9, 0xc0004f2508?})&#xA;          /usr/local/go/src/bufio/bufio.go:236&#xA;        io.ReadAtLeast({0x1bcd220, 0xc0007819e0}, {0xc000354740, 0x9, 0x9}, 0x9)&#xA;          /usr/local/go/src/io/io.go:331&#xA;        io.ReadFull(...)&#xA;          /usr/local/go/src/io/io.go:350&#xA;        golang.org/x/net/http2.readFrameHeader({0xc000354740?, 0x9?, 0xc001283da0?}, {0x1bcd220?, 0xc0007819e0?})&#xA;          /home/cloud-user/multicluster-global-hub/vendor/golang.org/x/net/http2/frame.go:237&#xA;        golang.org/x/net/http2.(*Framer).ReadFrame(0xc000354700)&#xA;          /home/cloud-user/multicluster-global-hub/vendor/golang.org/x/net/http2/frame.go:498&#xA;        golang.org/x/net/http2.(*clientConnReadLoop).run(0xc0005e3f98)&#xA;          /home/cloud-user/multicluster-global-hub/vendor/golang.org/x/net/http2/transport.go:2224&#xA;        golang.org/x/net/http2.(*ClientConn).readLoop(0xc000368f00)&#xA;          /home/cloud-user/multicluster-global-hub/vendor/golang.org/x/net/http2/transport.go:2119&#xA;        golang.org/x/net/http2.(*Transport).newClientConn&#xA;          /home/cloud-user/multicluster-global-hub/vendor/golang.org/x/net/http2/transport.go:817&#xA;&#xA;      goroutine 117 [select]&#xA;        net/http.(*persistConn).writeLoop(0xc0000d6900)&#xA;          /usr/local/go/src/net/http/transport.go:2392&#xA;        net/http.(*Transport).dialConn&#xA;          /usr/local/go/src/net/http/transport.go:1751&#xA;Interrupted by User&#xA;First interrupt received; Ginkgo will run any cleanup and reporting nodes but will skip all remaining specs.  Interrupt again to skip cleanup.&#xA;Here&#39;s a current progress report:&#xA;  Updating cluster label from HoH manager remove the label from the managed cluster (Spec Runtime: 1.071s)&#xA;    /home/cloud-user/multicluster-global-hub/test/pkg/e2e/hoh-label_test.go:104&#xA;    In [It] (Node Runtime: 1.071s)&#xA;      /home/cloud-user/multicluster-global-hub/test/pkg/e2e/hoh-label_test.go:104&#xA;      At [By Step] Check the label is deleted (Step Runtime: 1.071s)&#xA;        /home/cloud-user/multicluster-global-hub/test/pkg/e2e/hoh-label_test.go:114&#xA;&#xA;      Spec Goroutine&#xA;      goroutine 63 [select]&#xA;        github.com/onsi/gomega/internal.(*AsyncAssertion).match(0xc000625260, {0x1bd98d0?, 0x28a87d0}, 0x0, {0x0, 0x0, 0x0})&#xA;          /home/cloud-user/multicluster-global-hub/vendor/github.com/onsi/gomega/internal/async_assertion.go:426&#xA;        github.com/onsi/gomega/internal.(*AsyncAssertion).ShouldNot(0xc000625260, {0x1bd98d0, 0x28a87d0}, {0x0, 0x0, 0x0})&#xA;          /home/cloud-user/multicluster-global-hub/vendor/github.com/onsi/gomega/internal/async_assertion.go:116&#xA;      &gt; github.com/stolostron/multicluster-global-hub/test/pkg/e2e.glob..func4.4()&#xA;          /home/cloud-user/multicluster-global-hub/test/pkg/e2e/hoh-label_test.go:131&#xA;            | &#x9;&#x9;&#x9;}&#xA;            | &#x9;&#x9;&#x9;return nil&#xA;            &gt; &#x9;&#x9;}, 3*time.Minute, 5*time.Second).ShouldNot(HaveOccurred())&#xA;            | &#x9;}&#xA;            | })&#xA;        github.com/onsi/ginkgo/v2/internal.extractBodyFunction.func3({0x0, 0xc0007c8600})&#xA;          /home/cloud-user/multicluster-global-hub/vendor/github.com/onsi/ginkgo/v2/internal/node.go:445&#xA;        github.com/onsi/ginkgo/v2/internal.(*Suite).runNode.func3()&#xA;          /home/cloud-user/multicluster-global-hub/vendor/github.com/onsi/ginkgo/v2/internal/suite.go:820&#xA;        github.com/onsi/ginkgo/v2/internal.(*Suite).runNode&#xA;          /home/cloud-user/multicluster-global-hub/vendor/github.com/onsi/ginkgo/v2/internal/suite.go:807&#xA;&lt; Exit [It] remove the label from the managed cluster - /home/cloud-user/multicluster-global-hub/test/pkg/e2e/hoh-label_test.go:104 @ 06/03/23 03:16:51.057 (1.072s)&#xA;</system-err>
          </testcase>
          <testcase name="[It] Apply policy/app with placement on the global hub When apply local policy with placement on the regional hub deploy local policy on the regional hub [e2e-tests-placement]" classname="Client Suite" status="skipped" time="0">
              <skipped message="skipped"></skipped>
          </testcase>
          <testcase name="[It] Apply policy/app with placement on the global hub When apply local policy with placement on the regional hub check the local policy(placement) resource isn&#39;t added the global cleanup finalizer [e2e-tests-placement]" classname="Client Suite" status="skipped" time="0">
              <skipped message="skipped"></skipped>
          </testcase>
          <testcase name="[It] Apply policy/app with placement on the global hub When apply local policy with placement on the regional hub delete the local policy(placement) from the leafhub [e2e-tests-placement]" classname="Client Suite" status="skipped" time="0">
              <skipped message="skipped"></skipped>
          </testcase>
          <testcase name="[It] Apply policy/app with placement on the global hub When apply global policy with placement on the global hub add managedCluster2 to the clusterset1 [e2e-tests-placement]" classname="Client Suite" status="skipped" time="0">
              <skipped message="skipped"></skipped>
          </testcase>
          <testcase name="[It] Apply policy/app with placement on the global hub When apply global policy with placement on the global hub apply policy with placement [e2e-tests-placement]" classname="Client Suite" status="skipped" time="0">
              <skipped message="skipped"></skipped>
          </testcase>
          <testcase name="[It] Apply policy/app with placement on the global hub When apply global policy with placement on the global hub scale policy with placement [e2e-tests-placement]" classname="Client Suite" status="skipped" time="0">
              <skipped message="skipped"></skipped>
          </testcase>
          <testcase name="[It] Apply policy/app with placement on the global hub When apply global policy with placement on the global hub delete policy with placement [e2e-tests-placement]" classname="Client Suite" status="skipped" time="0">
              <skipped message="skipped"></skipped>
          </testcase>
          <testcase name="[It] Apply policy/app with placement on the global hub When apply global application with placement on the global hub deploy application with placement [e2e-tests-placement]" classname="Client Suite" status="skipped" time="0">
              <skipped message="skipped"></skipped>
          </testcase>
          <testcase name="[It] Apply policy/app with placement on the global hub When apply global application with placement on the global hub scale application with placement [e2e-tests-placement]" classname="Client Suite" status="skipped" time="0">
              <skipped message="skipped"></skipped>
          </testcase>
          <testcase name="[It] Apply policy/app with placement on the global hub When apply global application with placement on the global hub delete application with placement [e2e-tests-placement]" classname="Client Suite" status="skipped" time="0">
              <skipped message="skipped"></skipped>
          </testcase>
          <testcase name="[It] Apply local policy to the managed clusters add the label to a managedcluster for the local policy [e2e-tests-local-policy]" classname="Client Suite" status="skipped" time="0">
              <skipped message="skipped"></skipped>
          </testcase>
          <testcase name="[It] Apply local policy to the managed clusters When updated the local policy configmap verify the multicluster global hub configmap [e2e-tests-local-policy]" classname="Client Suite" status="skipped" time="0">
              <skipped message="skipped"></skipped>
          </testcase>
          <testcase name="[It] Apply local policy to the managed clusters When deploy local policy to the leafhub deploy policy to the cluster to the leafhub [e2e-tests-local-policy]" classname="Client Suite" status="skipped" time="0">
              <skipped message="skipped"></skipped>
          </testcase>
          <testcase name="[It] Apply local policy to the managed clusters When deploy local policy to the leafhub check the local policy resource isn&#39;t added the global cleanup finalizer [e2e-tests-local-policy]" classname="Client Suite" status="skipped" time="0">
              <skipped message="skipped"></skipped>
          </testcase>
          <testcase name="[It] Apply local policy to the managed clusters When delete the local policy from the leafhub delete the local policy from the leafhub [e2e-tests-local-policy]" classname="Client Suite" status="skipped" time="0">
              <skipped message="skipped"></skipped>
          </testcase>
          <testcase name="[It] Apply local policy to the managed clusters When delete the local policy from the leafhub check the local policy resource is deleted from database [e2e-tests-local-policy]" classname="Client Suite" status="skipped" time="0">
              <skipped message="skipped"></skipped>
          </testcase>
          <testcase name="[It] Delete the multiclusterglobalhub and prune resources create application [e2e-tests-prune]" classname="Client Suite" status="skipped" time="0">
              <skipped message="skipped"></skipped>
          </testcase>
          <testcase name="[It] Delete the multiclusterglobalhub and prune resources create policy [e2e-tests-prune]" classname="Client Suite" status="skipped" time="0">
              <skipped message="skipped"></skipped>
          </testcase>
          <testcase name="[It] Delete the multiclusterglobalhub and prune resources delete multiclusterglobalhub [e2e-tests-prune]" classname="Client Suite" status="skipped" time="0">
              <skipped message="skipped"></skipped>
          </testcase>
          <testcase name="[It] Delete the multiclusterglobalhub and prune resources prune the global resources [e2e-tests-prune]" classname="Client Suite" status="skipped" time="0">
              <skipped message="skipped"></skipped>
          </testcase>
          <testcase name="[It] Delete the multiclusterglobalhub and prune resources prune the namespaced resources [e2e-tests-prune]" classname="Client Suite" status="skipped" time="0">
              <skipped message="skipped"></skipped>
          </testcase>
          <testcase name="[It] Delete the multiclusterglobalhub and prune resources prune application [e2e-tests-prune]" classname="Client Suite" status="skipped" time="0">
              <skipped message="skipped"></skipped>
          </testcase>
          <testcase name="[It] Delete the multiclusterglobalhub and prune resources prune policy [e2e-tests-prune]" classname="Client Suite" status="skipped" time="0">
              <skipped message="skipped"></skipped>
          </testcase>
          <testcase name="[It] Check all the connection of clients and necessary parameter validation Check all the parameters for e2e-tests Check the num of hub clusters and managed clusters on options-local.yaml [e2e-tests-validation]" classname="Client Suite" status="skipped" time="0">
              <skipped message="skipped"></skipped>
          </testcase>
          <testcase name="[It] Check all the connection of clients and necessary parameter validation Check all the parameters for e2e-tests Check the num of hub clusters and managed clusters in the kubeconfig [e2e-tests-validation]" classname="Client Suite" status="skipped" time="0">
              <skipped message="skipped"></skipped>
          </testcase>
          <testcase name="[It] Check all the connection of clients and necessary parameter validation Check all the clients could connect to the HoH servers connect to the apiserver with kubernetes interface [e2e-tests-validation]" classname="Client Suite" status="skipped" time="0">
              <skipped message="skipped"></skipped>
          </testcase>
          <testcase name="[It] Check all the connection of clients and necessary parameter validation Check all the clients could connect to the HoH servers connect to the apiserver with dynamic interface [e2e-tests-validation]" classname="Client Suite" status="skipped" time="0">
              <skipped message="skipped"></skipped>
          </testcase>
          <testcase name="[It] Check all the connection of clients and necessary parameter validation Check all the clients could connect to the HoH servers check whether the cluster is running properly [e2e-tests-validation]" classname="Client Suite" status="skipped" time="0">
              <skipped message="skipped"></skipped>
          </testcase>
          <testcase name="[It] Check all the connection of clients and necessary parameter validation Check all the clients could connect to the HoH servers connect to the nonk8s-server with specific user [e2e-tests-validation]" classname="Client Suite" status="skipped" time="0">
              <skipped message="skipped"></skipped>
          </testcase>
          <testcase name="[It] Deploy the application to the managed cluster add the app label[ app: test ] [e2e-tests-app]" classname="Client Suite" status="skipped" time="0">
              <skipped message="skipped"></skipped>
          </testcase>
          <testcase name="[It] Deploy the application to the managed cluster deploy the application deploy the application/subscription [e2e-tests-app]" classname="Client Suite" status="skipped" time="0">
              <skipped message="skipped"></skipped>
          </testcase>
          <testcase name="[AfterSuite]" classname="Client Suite" status="passed" time="0.009461144">
              <system-err>&gt; Enter [AfterSuite] TOP-LEVEL - /home/cloud-user/multicluster-global-hub/test/pkg/e2e/hoh-e2e-test_suite_test.go:79 @ 06/03/23 03:16:51.059&#xA;&lt; Exit [AfterSuite] TOP-LEVEL - /home/cloud-user/multicluster-global-hub/test/pkg/e2e/hoh-e2e-test_suite_test.go:79 @ 06/03/23 03:16:51.068 (9ms)&#xA;</system-err>
          </testcase>
      </testsuite>
  </testsuites>